\BOOKMARK [0][]{chapter.1}{\376\377\0001\000\040\211\343\116\015\173\111\137\017}{}% 1
\BOOKMARK [1][]{section.1.1}{\376\377\0001\000.\0001\000\040\116\214\153\041\116\015\173\111\137\017\116\016\122\006\137\017\166\204\211\343\154\325}{chapter.1}% 2
\BOOKMARK [2][]{subsection.1.1.1}{\376\377\0001\000.\0001\000.\0001\000\040\116\000\121\103\116\214\153\041\145\271\172\013\377\032\000a\000x\0002\000+\000b\000x\000+\000c\000=\0000\000\050\000a\000\040\0000\000\040\000\051}{section.1.1}% 3
\BOOKMARK [2][]{subsection.1.1.2}{\376\377\0001\000.\0001\000.\0002\000\040\116\214\153\041\121\375\145\160\377\032\000y\000=\000a\000x\0002\000+\000b\000x\000+\000c\000\050\000a\000\040\0000\000\040\000\051}{section.1.1}% 4
\BOOKMARK [2][]{subsection.1.1.3}{\376\377\0001\000.\0001\000.\0003\000\040\116\000\121\103\116\214\153\041\116\015\173\111\137\017}{section.1.1}% 5
\BOOKMARK [2][]{subsection.1.1.4}{\376\377\0001\000.\0001\000.\0004\000\040\122\006\137\017\116\015\173\111\137\017}{section.1.1}% 6
\BOOKMARK [1][]{section.1.2}{\376\377\0001\000.\0002\000\040\117\213\230\230\122\006\147\220}{chapter.1}% 7
\BOOKMARK [0][]{chapter.2}{\376\377\0002\000\040\176\335\133\371\120\074\116\015\173\111\137\017}{}% 8
\BOOKMARK [1][]{section.2.1}{\376\377\0002\000.\0001\000\040\124\053\176\335\133\371\120\074\116\015\173\111\137\017\166\204\211\343\154\325}{chapter.2}% 9
\BOOKMARK [1][]{section.2.2}{\376\377\0002\000.\0002\000\040\117\213\230\230\122\006\147\220}{chapter.2}% 10
\BOOKMARK [0][]{chapter.3}{\376\377\0003\000\040\226\306\124\010\166\204\210\150\171\072\116\016\217\320\173\227}{}% 11
\BOOKMARK [1][]{section.3.1}{\376\377\0003\000.\0001\000\040\226\306\124\010\166\204\147\011\121\163\151\202\137\365}{chapter.3}% 12
\BOOKMARK [1][]{section.3.2}{\376\377\0003\000.\0002\000\040\226\306\124\010\166\204\217\320\173\227}{chapter.3}% 13
\BOOKMARK [1][]{section.3.3}{\376\377\0003\000.\0003\000\040\226\306\124\010\166\204\217\320\173\227\137\213}{chapter.3}% 14
\BOOKMARK [1][]{section.3.4}{\376\377\0003\000.\0004\000\040\117\213\230\230}{chapter.3}% 15
\BOOKMARK [0][]{chapter.4}{\376\377\0004\000\040\121\375\145\160\166\204\151\202\137\365}{}% 16
\BOOKMARK [1][]{section.4.1}{\376\377\0004\000.\0001\000\040\121\375\145\160\133\232\116\111}{chapter.4}% 17
\BOOKMARK [1][]{section.4.2}{\376\377\0004\000.\0002\000\040\117\213\230\230\122\006\147\220}{chapter.4}% 18
\BOOKMARK [0][]{chapter.5}{\376\377\0005\000\040\121\375\145\160\166\204\123\125\214\003\140\047}{}% 19
\BOOKMARK [1][]{section.5.1}{\376\377\0005\000.\0001\000\040\117\213\230\230\122\006\147\220}{chapter.5}% 20
\BOOKMARK [0][]{chapter.6}{\376\377\0006\000\040\121\375\145\160\166\204\131\107\120\166\140\047}{}% 21
\BOOKMARK [1][]{section.6.1}{\376\377\0006\000.\0001\000\040\117\213\230\230\122\006\147\220}{chapter.6}% 22
\BOOKMARK [0][]{chapter.7}{\376\377\0007\000\040\143\007\145\160\121\375\145\160\116\016\133\371\145\160\121\375\145\160}{}% 23
\BOOKMARK [1][]{section.7.1}{\376\377\0007\000.\0001\000\040\143\007\145\160\217\320\173\227\116\016\133\371\145\160\217\320\173\227}{chapter.7}% 24
\BOOKMARK [1][]{section.7.2}{\376\377\0007\000.\0002\000\040\117\213\230\230\122\006\147\220}{chapter.7}% 25
\BOOKMARK [0][]{chapter.8}{\376\377\0008\000\040\151\202\163\207\166\204\122\035\153\145}{}% 26
\BOOKMARK [1][]{section.8.1}{\376\377\0008\000.\0001\000\040\226\217\147\072\116\213\116\366\166\204\151\202\163\207}{chapter.8}% 27
\BOOKMARK [2][]{subsection.8.1.1}{\376\377\0008\000.\0001\000.\0001\000\040\116\213\116\366\166\204\133\232\116\111}{section.8.1}% 28
\BOOKMARK [2][]{subsection.8.1.2}{\376\377\0008\000.\0001\000.\0002\000\040\116\213\116\366\166\204\122\006\174\173}{section.8.1}% 29
\BOOKMARK [2][]{subsection.8.1.3}{\376\377\0008\000.\0001\000.\0003\000\040\151\202\163\207}{section.8.1}% 30
\BOOKMARK [0][]{chapter.9}{\376\377\0009\000\040\160\271\060\001\166\364\176\277\060\001\136\163\227\142\116\113\225\364\166\204\117\115\177\156\121\163\174\373}{}% 31
\BOOKMARK [1][]{section.9.1}{\376\377\0009\000.\0001\000\040\172\172\225\364\160\271\060\001\166\364\176\277\060\001\136\163\227\142\116\113\225\364\166\204\117\115\177\156\121\163\174\373}{chapter.9}% 32
\BOOKMARK [2][]{subsection.9.1.1}{\376\377\0009\000.\0001\000.\0001\000\040\136\163\227\142}{section.9.1}% 33
\BOOKMARK [2][]{subsection.9.1.2}{\376\377\0009\000.\0001\000.\0002\000\040\172\172\225\364\116\055\166\364\176\277\116\016\166\364\176\277\116\113\225\364\166\204\117\115\177\156\121\163\174\373}{section.9.1}% 34
\BOOKMARK [2][]{subsection.9.1.3}{\376\377\0009\000.\0001\000.\0003\000\040\172\172\225\364\116\055\166\364\176\277\116\016\136\163\227\142\116\113\225\364\166\204\117\115\177\156\121\163\174\373}{section.9.1}% 35
\BOOKMARK [2][]{subsection.9.1.4}{\376\377\0009\000.\0001\000.\0004\000\040\136\163\227\142\116\016\136\163\227\142\116\113\225\364\166\204\117\115\177\156\121\163\174\373}{section.9.1}% 36
\BOOKMARK [1][]{section.9.2}{\376\377\0009\000.\0002\000\040\166\364\176\277\060\001\136\163\227\142\136\163\210\114\166\204\122\044\133\232\123\312\121\166\140\047\215\050}{chapter.9}% 37
\BOOKMARK [2][]{subsection.9.2.1}{\376\377\0009\000.\0002\000.\0001\000\040\166\364\176\277\116\016\136\163\227\142\136\163\210\114\166\204\122\044\133\232}{section.9.2}% 38
\BOOKMARK [2][]{subsection.9.2.2}{\376\377\0009\000.\0002\000.\0002\000\040\136\163\227\142\116\016\136\163\227\142\136\163\210\114\166\204\122\044\133\232}{section.9.2}% 39
\BOOKMARK [2][]{subsection.9.2.3}{\376\377\0009\000.\0002\000.\0003\000\040\166\364\176\277\116\016\136\163\227\142\136\163\210\114\166\204\140\047\215\050}{section.9.2}% 40
\BOOKMARK [2][]{subsection.9.2.4}{\376\377\0009\000.\0002\000.\0004\000\040\136\163\227\142\116\016\136\163\227\142\136\163\210\114\166\204\140\047\215\050}{section.9.2}% 41
\BOOKMARK [1][]{section.9.3}{\376\377\0009\000.\0003\000\040\166\364\176\277\060\001\136\163\227\142\127\202\166\364\166\204\122\044\133\232\123\312\140\047\215\050}{chapter.9}% 42
\BOOKMARK [2][]{subsection.9.3.1}{\376\377\0009\000.\0003\000.\0001\000\040\166\364\176\277\116\016\136\163\227\142\127\202\166\364\166\204\122\044\133\232}{section.9.3}% 43
\BOOKMARK [2][]{subsection.9.3.2}{\376\377\0009\000.\0003\000.\0002\000\040\166\364\176\277\116\016\136\163\227\142\127\202\166\364\166\204\140\047\215\050}{section.9.3}% 44
\BOOKMARK [2][]{subsection.9.3.3}{\376\377\0009\000.\0003\000.\0003\000\040\136\163\227\142\116\016\136\163\227\142\127\202\166\364\166\204\140\047\215\050}{section.9.3}% 45
\BOOKMARK [0][]{chapter.10}{\376\377\0001\0000\000\040\166\364\176\277\116\016\145\271\172\013}{}% 46
\BOOKMARK [1][]{section.10.1}{\376\377\0001\0000\000.\0001\000\040\166\364\176\277\166\204\120\076\145\234\211\322\116\016\145\234\163\207}{chapter.10}% 47
\BOOKMARK [2][]{subsection.10.1.1}{\376\377\0001\0000\000.\0001\000.\0001\000\040\120\076\145\234\211\322\116\016\145\234\163\207}{section.10.1}% 48
\BOOKMARK [2][]{subsection.10.1.2}{\376\377\0001\0000\000.\0001\000.\0002\000\040\116\044\147\141\166\364\176\277\136\163\210\114\116\016\127\202\166\364\166\204\122\044\133\232}{section.10.1}% 49
\BOOKMARK [1][]{section.10.2}{\376\377\0001\0000\000.\0002\000\040\166\364\176\277\166\204\145\271\172\013}{chapter.10}% 50
\BOOKMARK [2][]{subsection.10.2.1}{\376\377\0001\0000\000.\0002\000.\0001\000\040\166\364\176\277\166\204\160\271\145\234\137\017}{section.10.2}% 51
\BOOKMARK [2][]{subsection.10.2.2}{\376\377\0001\0000\000.\0002\000.\0002\000\040\166\364\176\277\166\204\116\044\160\271\137\017\145\271\172\013}{section.10.2}% 52
\BOOKMARK [2][]{subsection.10.2.3}{\376\377\0001\0000\000.\0002\000.\0003\000\040\166\364\176\277\166\204\116\000\202\054\137\017\145\271\172\013}{section.10.2}% 53
\BOOKMARK [2][]{subsection.10.2.4}{\376\377\0001\0000\000.\0002\000.\0004\000\040\116\044\147\141\166\364\176\277\166\204\116\244\160\271\127\120\150\007}{section.10.2}% 54
\BOOKMARK [2][]{subsection.10.2.5}{\376\377\0001\0000\000.\0002\000.\0005\000\040\116\044\160\271\225\364\166\204\215\335\171\273}{section.10.2}% 55
\BOOKMARK [2][]{subsection.10.2.6}{\376\377\0001\0000\000.\0002\000.\0006\000\040\160\271\122\060\166\364\176\277\166\204\215\335\171\273}{section.10.2}% 56
\BOOKMARK [2][]{subsection.10.2.7}{\376\377\0001\0000\000.\0002\000.\0007\000\040\116\044\147\141\136\163\210\114\176\277\166\204\215\335\171\273}{section.10.2}% 57
\BOOKMARK [0][]{chapter.11}{\376\377\0001\0001\000\040\145\160\000\040\122\027}{}% 58
\BOOKMARK [0][]{chapter.12}{\376\377\0001\0002\000\040\136\163\210\114\126\333\217\271\137\142}{}% 59
\BOOKMARK [1][]{section.12.1}{\376\377\0001\0002\000.\0001\000\040\136\163\210\114\126\333\217\271\137\142\166\204\140\047\215\050}{chapter.12}% 60
\BOOKMARK [0][]{chapter.13}{\376\377\0001\0003\000\040\155\123\136\246\225\356\230\230}{}% 61
\BOOKMARK [1][]{section.13.1}{\376\377\0001\0003\000.\0001\000\040\167\345\213\306\160\271}{chapter.13}% 62
\BOOKMARK [1][]{section.13.2}{\376\377\0001\0003\000.\0002\000\040\117\213\230\230\122\006\147\220}{chapter.13}% 63
\BOOKMARK [0][]{chapter.14}{\376\377\0001\0004\000\040\142\275\134\111\123\237\164\006}{}% 64
\BOOKMARK [1][]{section.14.1}{\376\377\0001\0004\000.\0001\000\040\167\345\213\306\160\271}{chapter.14}% 65
\BOOKMARK [1][]{section.14.2}{\376\377\0001\0004\000.\0002\000\040\117\213\230\230\122\006\147\220}{chapter.14}% 66
\BOOKMARK [0][]{chapter.15}{\376\377\0001\0005\000\040\135\345\172\013\225\356\230\230\116\214}{}% 67
\BOOKMARK [1][]{section.15.1}{\376\377\0001\0005\000.\0001\000\040\117\213\230\230\122\006\147\220}{chapter.15}% 68
\BOOKMARK [0][]{chapter.16}{\376\377\0001\0006\000\040\210\114\172\013\225\356\230\230\116\113\135\347\165\050\153\324\117\213}{}% 69
\BOOKMARK [1][]{section.16.1}{\376\377\0001\0006\000.\0001\000\040\167\345\213\306\160\271}{chapter.16}% 70
\BOOKMARK [1][]{section.16.2}{\376\377\0001\0006\000.\0002\000\040\121\170\127\213\117\213\230\230}{chapter.16}% 71
\BOOKMARK [0][]{chapter.17}{\376\377\0001\0007\000\040\126\376\171\072\154\325\211\343\122\006\145\160\136\224\165\050\230\230}{}% 72
\BOOKMARK [1][]{section.17.1}{\376\377\0001\0007\000.\0001\000\040\167\345\213\306\160\271}{chapter.17}% 73
\BOOKMARK [1][]{section.17.2}{\376\377\0001\0007\000.\0002\000\040\121\170\127\213\117\213\230\230}{chapter.17}% 74
\BOOKMARK [0][]{chapter.18}{\376\377\0001\0008\000\040\116\214\153\041\150\071\137\017}{}% 75
\BOOKMARK [1][]{section.18.1}{\376\377\0001\0008\000.\0001\000\040\116\214\153\041\150\071\137\017\166\204\151\202\137\365\123\312\147\011\141\017\116\111\166\204\147\141\116\366}{chapter.18}% 76
\BOOKMARK [2][]{subsection.18.1.1}{\376\377\0001\0008\000.\0001\000.\0001\000\040\151\202\137\365}{section.18.1}% 77
\BOOKMARK [2][]{subsection.18.1.2}{\376\377\0001\0008\000.\0001\000.\0002\000\040\147\011\141\017\116\111\166\204\147\141\116\366}{section.18.1}% 78
\BOOKMARK [2][]{subsection.18.1.3}{\376\377\0001\0008\000.\0001\000.\0003\000\040\117\213\230\230\122\006\147\220}{section.18.1}% 79
\BOOKMARK [2][]{subsection.18.1.4}{\376\377\0001\0008\000.\0001\000.\0004\000\040\116\140\230\230}{section.18.1}% 80
\BOOKMARK [1][]{section.18.2}{\376\377\0001\0008\000.\0002\000\040\116\214\153\041\150\071\137\017\166\204\140\047\215\050}{chapter.18}% 81
\BOOKMARK [2][]{subsection.18.2.1}{\376\377\0001\0008\000.\0002\000.\0001\000\040\117\213\230\230\122\006\147\220}{section.18.2}% 82
\BOOKMARK [2][]{subsection.18.2.2}{\376\377\0001\0008\000.\0002\000.\0002\000\040\176\303\116\140}{section.18.2}% 83
