This is XeTeX, Version 3.14159265-2.6-0.99999 (TeX Live 2018/W32TeX) (preloaded format=xelatex 2018.12.13)  28 MAR 2019 17:23
entering extended mode
 restricted \write18 enabled.
 %&-line parsing enabled.
**hs_zdshu.tex
(./hs_zdshu.tex
LaTeX2e <2018-04-01> patch level 2
Babel <3.18> and hyphenation patterns for 84 language(s) loaded.
! Undefined control sequence.
l.1 \chapter
            {指数函数与对数函数}
The control sequence at the end of the top line
of your error message was never \def'ed. If you have
misspelled it (e.g., `\hobx'), type `I' and the correct
spelling (e.g., `I\hbox'). Otherwise just continue,
and I'll forget about whatever was undefined.


! LaTeX Error: Missing \begin{document}.

See the LaTeX manual or LaTeX Companion for explanation.
Type  H <return>  for immediate help.
 ...                                              
                                                  
l.1 \chapter{指
              数函数与对数函数}
You're in trouble here.  Try typing  <return>  to proceed.
If that doesn't work, type  X <return>  to quit.

Missing character: There is no 指 in font nullfont!
Missing character: There is no 数 in font nullfont!
Missing character: There is no 函 in font nullfont!
Missing character: There is no 数 in font nullfont!
Missing character: There is no 与 in font nullfont!
Missing character: There is no 对 in font nullfont!
Missing character: There is no 数 in font nullfont!
Missing character: There is no 函 in font nullfont!
Missing character: There is no 数 in font nullfont!
! Undefined control sequence.
l.2 \section
            {指数运算与对数运算}
The control sequence at the end of the top line
of your error message was never \def'ed. If you have
misspelled it (e.g., `\hobx'), type `I' and the correct
spelling (e.g., `I\hbox'). Otherwise just continue,
and I'll forget about whatever was undefined.

Missing character: There is no 指 in font nullfont!
Missing character: There is no 数 in font nullfont!
Missing character: There is no 运 in font nullfont!
Missing character: There is no 算 in font nullfont!
Missing character: There is no 与 in font nullfont!
Missing character: There is no 对 in font nullfont!
Missing character: There is no 数 in font nullfont!
Missing character: There is no 运 in font nullfont!
Missing character: There is no 算 in font nullfont!

Overfull \hbox (20.0pt too wide) in paragraph at lines 1--3
[] 
 []

Missing character: There is no 有 in font nullfont!
Missing character: There is no 理 in font nullfont!
Missing character: There is no 数 in font nullfont!
Missing character: There is no 指 in font nullfont!
Missing character: There is no 数 in font nullfont!
Missing character: There is no a in font nullfont!
)
! Emergency stop.
<*> hs_zdshu.tex
                
*** (job aborted, no legal \end found)

 
Here is how much of TeX's memory you used:
 8 strings out of 492970
 80 string characters out of 6137297
 63642 words of memory out of 5000000
 4116 multiletter control sequences out of 15000+600000
 3640 words of font info for 14 fonts, out of 8000000 for 9000
 1348 hyphenation exceptions out of 8191
 8i,1n,7p,45b,115s stack positions out of 5000i,500n,10000p,200000b,80000s
No pages of output.
