This is pdfTeX, Version 3.14159265-2.6-1.40.19 (TeX Live 2018/W32TeX) (preloaded format=pdflatex 2018.12.13)  14 APR 2019 00:23
entering extended mode
 restricted \write18 enabled.
 %&-line parsing enabled.
**zhixian.tex
(./zhixian.tex
LaTeX2e <2018-04-01> patch level 2
Babel <3.18> and hyphenation patterns for 84 language(s) loaded.
! Undefined control sequence.
l.1 \chapter
            {ç›´çº¿ä¸æ–¹ç¨‹}
The control sequence at the end of the top line
of your error message was never \def'ed. If you have
misspelled it (e.g., `\hobx'), type `I' and the correct
spelling (e.g., `I\hbox'). Otherwise just continue,
and I'll forget about whatever was undefined.


! Package inputenc Error: Unicode character ç›´ (U+76F4)
(inputenc)                not set up for use with LaTeX.

See the inputenc package documentation for explanation.
Type  H <return>  for immediate help.
 ...                                              
                                                  
l.1 \chapter{ç›´
                çº¿ä¸æ–¹ç¨‹}
You may provide a definition with
\DeclareUnicodeCharacter 


! Package inputenc Error: Unicode character çº¿ (U+7EBF)
(inputenc)                not set up for use with LaTeX.

See the inputenc package documentation for explanation.
Type  H <return>  for immediate help.
 ...                                              
                                                  
l.1 \chapter{ç›´çº¿
                   ä¸æ–¹ç¨‹}
You may provide a definition with
\DeclareUnicodeCharacter 


! Package inputenc Error: Unicode character ä¸ (U+4E0E)
(inputenc)                not set up for use with LaTeX.

See the inputenc package documentation for explanation.
Type  H <return>  for immediate help.
 ...                                              
                                                  
l.1 \chapter{ç›´çº¿ä¸
                      æ–¹ç¨‹}
You may provide a definition with
\DeclareUnicodeCharacter 


! Package inputenc Error: Unicode character æ–¹ (U+65B9)
(inputenc)                not set up for use with LaTeX.

See the inputenc package documentation for explanation.
Type  H <return>  for immediate help.
 ...                                              
                                                  
l.1 \chapter{ç›´çº¿ä¸æ–¹
                         ç¨‹}
You may provide a definition with
\DeclareUnicodeCharacter 


! Package inputenc Error: Unicode character ç¨‹ (U+7A0B)
(inputenc)                not set up for use with LaTeX.

See the inputenc package documentation for explanation.
Type  H <return>  for immediate help.
 ...                                              
                                                  
l.1 \chapter{ç›´çº¿ä¸æ–¹ç¨‹
                            }
You may provide a definition with
\DeclareUnicodeCharacter 

! Undefined control sequence.
l.2 \section
            {ç›´çº¿çš„å€¾æ–œè§’ä¸æ–œç‡}
The control sequence at the end of the top line
of your error message was never \def'ed. If you have
misspelled it (e.g., `\hobx'), type `I' and the correct
spelling (e.g., `I\hbox'). Otherwise just continue,
and I'll forget about whatever was undefined.


! Package inputenc Error: Unicode character ç›´ (U+76F4)
(inputenc)                not set up for use with LaTeX.

See the inputenc package documentation for explanation.
Type  H <return>  for immediate help.
 ...                                              
                                                  
l.2 \section{ç›´
                çº¿çš„å€¾æ–œè§’ä¸æ–œç‡}
You may provide a definition with
\DeclareUnicodeCharacter 


! Package inputenc Error: Unicode character çº¿ (U+7EBF)
(inputenc)                not set up for use with LaTeX.

See the inputenc package documentation for explanation.
Type  H <return>  for immediate help.
 ...                                              
                                                  
l.2 \section{ç›´çº¿
                   çš„å€¾æ–œè§’ä¸æ–œç‡}
You may provide a definition with
\DeclareUnicodeCharacter 


! Package inputenc Error: Unicode character çš„ (U+7684)
(inputenc)                not set up for use with LaTeX.

See the inputenc package documentation for explanation.
Type  H <return>  for immediate help.
 ...                                              
                                                  
l.2 \section{ç›´çº¿çš„
                      å€¾æ–œè§’ä¸æ–œç‡}
You may provide a definition with
\DeclareUnicodeCharacter 


! Package inputenc Error: Unicode character å€¾ (U+503E)
(inputenc)                not set up for use with LaTeX.

See the inputenc package documentation for explanation.
Type  H <return>  for immediate help.
 ...                                              
                                                  
l.2 \section{ç›´çº¿çš„å€¾
                         æ–œè§’ä¸æ–œç‡}
You may provide a definition with
\DeclareUnicodeCharacter 


! Package inputenc Error: Unicode character æ–œ (U+659C)
(inputenc)                not set up for use with LaTeX.

See the inputenc package documentation for explanation.
Type  H <return>  for immediate help.
 ...                                              
                                                  
l.2 \section{ç›´çº¿çš„å€¾æ–œ
                            è§’ä¸æ–œç‡}
You may provide a definition with
\DeclareUnicodeCharacter 


! Package inputenc Error: Unicode character è§’ (U+89D2)
(inputenc)                not set up for use with LaTeX.

See the inputenc package documentation for explanation.
Type  H <return>  for immediate help.
 ...                                              
                                                  
l.2 \section{ç›´çº¿çš„å€¾æ–œè§’
                               ä¸æ–œç‡}
You may provide a definition with
\DeclareUnicodeCharacter 


! Package inputenc Error: Unicode character ä¸ (U+4E0E)
(inputenc)                not set up for use with LaTeX.

See the inputenc package documentation for explanation.
Type  H <return>  for immediate help.
 ...                                              
                                                  
l.2 \section{ç›´çº¿çš„å€¾æ–œè§’ä¸
                                  æ–œç‡}
You may provide a definition with
\DeclareUnicodeCharacter 


! Package inputenc Error: Unicode character æ–œ (U+659C)
(inputenc)                not set up for use with LaTeX.

See the inputenc package documentation for explanation.
Type  H <return>  for immediate help.
 ...                                              
                                                  
l.2 \section{ç›´çº¿çš„å€¾æ–œè§’ä¸æ–œ
                                     ç‡}
You may provide a definition with
\DeclareUnicodeCharacter 


! Package inputenc Error: Unicode character ç‡ (U+7387)
(inputenc)                not set up for use with LaTeX.

See the inputenc package documentation for explanation.
Type  H <return>  for immediate help.
 ...                                              
                                                  
l.2 \section{ç›´çº¿çš„å€¾æ–œè§’ä¸æ–œç‡
                                        }
You may provide a definition with
\DeclareUnicodeCharacter 

! Undefined control sequence.
l.3 \subsection
               {å€¾æ–œè§’ä¸æ–œç‡}
The control sequence at the end of the top line
of your error message was never \def'ed. If you have
misspelled it (e.g., `\hobx'), type `I' and the correct
spelling (e.g., `I\hbox'). Otherwise just continue,
and I'll forget about whatever was undefined.


! Package inputenc Error: Unicode character å€¾ (U+503E)
(inputenc)                not set up for use with LaTeX.

See the inputenc package documentation for explanation.
Type  H <return>  for immediate help.
 ...                                              
                                                  
l.3 \subsection{å€¾
                   æ–œè§’ä¸æ–œç‡}
You may provide a definition with
\DeclareUnicodeCharacter 


! Package inputenc Error: Unicode character æ–œ (U+659C)
(inputenc)                not set up for use with LaTeX.

See the inputenc package documentation for explanation.
Type  H <return>  for immediate help.
 ...                                              
                                                  
l.3 \subsection{å€¾æ–œ
                      è§’ä¸æ–œç‡}
You may provide a definition with
\DeclareUnicodeCharacter 


! Package inputenc Error: Unicode character è§’ (U+89D2)
(inputenc)                not set up for use with LaTeX.

See the inputenc package documentation for explanation.
Type  H <return>  for immediate help.
 ...                                              
                                                  
l.3 \subsection{å€¾æ–œè§’
                         ä¸æ–œç‡}
You may provide a definition with
\DeclareUnicodeCharacter 


! Package inputenc Error: Unicode character ä¸ (U+4E0E)
(inputenc)                not set up for use with LaTeX.

See the inputenc package documentation for explanation.
Type  H <return>  for immediate help.
 ...                                              
                                                  
l.3 \subsection{å€¾æ–œè§’ä¸
                            æ–œç‡}
You may provide a definition with
\DeclareUnicodeCharacter 


! Package inputenc Error: Unicode character æ–œ (U+659C)
(inputenc)                not set up for use with LaTeX.

See the inputenc package documentation for explanation.
Type  H <return>  for immediate help.
 ...                                              
                                                  
l.3 \subsection{å€¾æ–œè§’ä¸æ–œ
                               ç‡}
You may provide a definition with
\DeclareUnicodeCharacter 


! Package inputenc Error: Unicode character ç‡ (U+7387)
(inputenc)                not set up for use with LaTeX.

See the inputenc package documentation for explanation.
Type  H <return>  for immediate help.
 ...                                              
                                                  
l.3 \subsection{å€¾æ–œè§’ä¸æ–œç‡
                                  }
You may provide a definition with
\DeclareUnicodeCharacter 


! LaTeX Error: Environment definition undefined.

See the LaTeX manual or LaTeX Companion for explanation.
Type  H <return>  for immediate help.
 ...                                              
                                                  
l.4 \begin{definition}
                      {}
Your command was ignored.
Type  I <command> <return>  to replace it with another command,
or  <return>  to continue without it.


! Package inputenc Error: Unicode character å½“ (U+5F53)
(inputenc)                not set up for use with LaTeX.

See the inputenc package documentation for explanation.
Type  H <return>  for immediate help.
 ...                                              
                                                  
l.5 	å½“
        ç›´çº¿$l$ä¸$x$ç›¸äº¤æ—¶ï¼Œç›´çº¿$l$å‘ä¸Šçš„æ–¹å‘ä¸$x$è½´çš„æ­£æ–...

You may provide a definition with
\DeclareUnicodeCharacter 


! Package inputenc Error: Unicode character ç›´ (U+76F4)
(inputenc)                not set up for use with LaTeX.

See the inputenc package documentation for explanation.
Type  H <return>  for immediate help.
 ...                                              
                                                  
l.5 	å½“ç›´
           çº¿$l$ä¸$x$ç›¸äº¤æ—¶ï¼Œç›´çº¿$l$å‘ä¸Šçš„æ–¹å‘ä¸$x$è½´çš„æ­£æ–...

You may provide a definition with
\DeclareUnicodeCharacter 


! Package inputenc Error: Unicode character çº¿ (U+7EBF)
(inputenc)                not set up for use with LaTeX.

See the inputenc package documentation for explanation.
Type  H <return>  for immediate help.
 ...                                              
                                                  
l.5 	å½“ç›´çº¿
              $l$ä¸$x$ç›¸äº¤æ—¶ï¼Œç›´çº¿$l$å‘ä¸Šçš„æ–¹å‘ä¸$x$è½´çš„æ­£æ–...

You may provide a definition with
\DeclareUnicodeCharacter 


! LaTeX Error: Missing \begin{document}.

See the LaTeX manual or LaTeX Companion for explanation.
Type  H <return>  for immediate help.
 ...                                              
                                                  
l.5 	å½“ç›´çº¿$
               l$ä¸$x$ç›¸äº¤æ—¶ï¼Œç›´çº¿$l$å‘ä¸Šçš„æ–¹å‘ä¸$x$è½´çš„æ­£æ–...

You're in trouble here.  Try typing  <return>  to proceed.
If that doesn't work, type  X <return>  to quit.

LaTeX Font Info:    External font `cmex10' loaded for size
(Font)              <7> on input line 5.
LaTeX Font Info:    External font `cmex10' loaded for size
(Font)              <5> on input line 5.

! Package inputenc Error: Unicode character ä¸ (U+4E0E)
(inputenc)                not set up for use with LaTeX.

See the inputenc package documentation for explanation.
Type  H <return>  for immediate help.
 ...                                              
                                                  
l.5 	å½“ç›´çº¿$l$ä¸
                    $x$ç›¸äº¤æ—¶ï¼Œç›´çº¿$l$å‘ä¸Šçš„æ–¹å‘ä¸$x$è½´çš„æ­£æ–...

You may provide a definition with
\DeclareUnicodeCharacter 


! Package inputenc Error: Unicode character ç›¸ (U+76F8)
(inputenc)                not set up for use with LaTeX.

See the inputenc package documentation for explanation.
Type  H <return>  for immediate help.
 ...                                              
                                                  
l.5 	å½“ç›´çº¿$l$ä¸$x$ç›¸
                          äº¤æ—¶ï¼Œç›´çº¿$l$å‘ä¸Šçš„æ–¹å‘ä¸$x$è½´çš„æ­£æ–...

You may provide a definition with
\DeclareUnicodeCharacter 


! Package inputenc Error: Unicode character äº¤ (U+4EA4)
(inputenc)                not set up for use with LaTeX.

See the inputenc package documentation for explanation.
Type  H <return>  for immediate help.
 ...                                              
                                                  
l.5 	å½“ç›´çº¿$l$ä¸$x$ç›¸äº¤
                             æ—¶ï¼Œç›´çº¿$l$å‘ä¸Šçš„æ–¹å‘ä¸$x$è½´çš„æ­£æ–...

You may provide a definition with
\DeclareUnicodeCharacter 


! Package inputenc Error: Unicode character æ—¶ (U+65F6)
(inputenc)                not set up for use with LaTeX.

See the inputenc package documentation for explanation.
Type  H <return>  for immediate help.
 ...                                              
                                                  
l.5 	å½“ç›´çº¿$l$ä¸$x$ç›¸äº¤æ—¶
                                ï¼Œç›´çº¿$l$å‘ä¸Šçš„æ–¹å‘ä¸$x$è½´çš„æ­£æ–...

You may provide a definition with
\DeclareUnicodeCharacter 


! Package inputenc Error: Unicode character ï¼Œ (U+FF0C)
(inputenc)                not set up for use with LaTeX.

See the inputenc package documentation for explanation.
Type  H <return>  for immediate help.
 ...                                              
                                                  
l.5 	å½“ç›´çº¿$l$ä¸$x$ç›¸äº¤æ—¶ï¼Œ
                                   ç›´çº¿$l$å‘ä¸Šçš„æ–¹å‘ä¸$x$è½´çš„æ­£æ–...

You may provide a definition with
\DeclareUnicodeCharacter 


! Package inputenc Error: Unicode character ç›´ (U+76F4)
(inputenc)                not set up for use with LaTeX.

See the inputenc package documentation for explanation.
Type  H <return>  for immediate help.
 ...                                              
                                                  
l.5 	å½“ç›´çº¿$l$ä¸$x$ç›¸äº¤æ—¶ï¼Œç›´
                                      çº¿$l$å‘ä¸Šçš„æ–¹å‘ä¸$x$è½´çš„æ­£æ–...

You may provide a definition with
\DeclareUnicodeCharacter 


! Package inputenc Error: Unicode character çº¿ (U+7EBF)
(inputenc)                not set up for use with LaTeX.

See the inputenc package documentation for explanation.
Type  H <return>  for immediate help.
 ...                                              
                                                  
l.5 	å½“ç›´çº¿$l$ä¸$x$ç›¸äº¤æ—¶ï¼Œç›´çº¿
                                         $l$å‘ä¸Šçš„æ–¹å‘ä¸$x$è½´çš„æ­£æ–...

You may provide a definition with
\DeclareUnicodeCharacter 


! Package inputenc Error: Unicode character å‘ (U+5411)
(inputenc)                not set up for use with LaTeX.

See the inputenc package documentation for explanation.
Type  H <return>  for immediate help.
 ...                                              
                                                  
l.5 	å½“ç›´çº¿$l$ä¸$x$ç›¸äº¤æ—¶ï¼Œç›´çº¿$l$å‘
                                               ä¸Šçš„æ–¹å‘ä¸$x$è½´çš„æ­£æ–...

You may provide a definition with
\DeclareUnicodeCharacter 


! Package inputenc Error: Unicode character ä¸Š (U+4E0A)
(inputenc)                not set up for use with LaTeX.

See the inputenc package documentation for explanation.
Type  H <return>  for immediate help.
 ...                                              
                                                  
l.5 	å½“ç›´çº¿$l$ä¸$x$ç›¸äº¤æ—¶ï¼Œç›´çº¿$l$å‘ä¸Š
                                                  çš„æ–¹å‘ä¸$x$è½´çš„æ­£æ–...

You may provide a definition with
\DeclareUnicodeCharacter 


! Package inputenc Error: Unicode character çš„ (U+7684)
(inputenc)                not set up for use with LaTeX.

See the inputenc package documentation for explanation.
Type  H <return>  for immediate help.
 ...                                              
                                                  
l.5 ...´çº¿$l$ä¸$x$ç›¸äº¤æ—¶ï¼Œç›´çº¿$l$å‘ä¸Šçš„
                                                  æ–¹å‘ä¸$x$è½´çš„æ­£æ–¹å...

You may provide a definition with
\DeclareUnicodeCharacter 


! Package inputenc Error: Unicode character æ–¹ (U+65B9)
(inputenc)                not set up for use with LaTeX.

See the inputenc package documentation for explanation.
Type  H <return>  for immediate help.
 ...                                              
                                                  
l.5 ...¿$l$ä¸$x$ç›¸äº¤æ—¶ï¼Œç›´çº¿$l$å‘ä¸Šçš„æ–¹
                                                  å‘ä¸$x$è½´çš„æ­£æ–¹å‘æ‰...

You may provide a definition with
\DeclareUnicodeCharacter 


! Package inputenc Error: Unicode character å‘ (U+5411)
(inputenc)                not set up for use with LaTeX.

See the inputenc package documentation for explanation.
Type  H <return>  for immediate help.
 ...                                              
                                                  
l.5 ...$ä¸$x$ç›¸äº¤æ—¶ï¼Œç›´çº¿$l$å‘ä¸Šçš„æ–¹å‘
                                                  ä¸$x$è½´çš„æ­£æ–¹å‘æ‰€æˆ...

You may provide a definition with
\DeclareUnicodeCharacter 


! Package inputenc Error: Unicode character ä¸ (U+4E0E)
(inputenc)                not set up for use with LaTeX.

See the inputenc package documentation for explanation.
Type  H <return>  for immediate help.
 ...                                              
                                                  
l.5 ...$x$ç›¸äº¤æ—¶ï¼Œç›´çº¿$l$å‘ä¸Šçš„æ–¹å‘ä¸
                                                  $x$è½´çš„æ­£æ–¹å‘æ‰€æˆçš...

You may provide a definition with
\DeclareUnicodeCharacter 


! Package inputenc Error: Unicode character è½´ (U+8F74)
(inputenc)                not set up for use with LaTeX.

See the inputenc package documentation for explanation.
Type  H <return>  for immediate help.
 ...                                              
                                                  
l.5 ...¸äº¤æ—¶ï¼Œç›´çº¿$l$å‘ä¸Šçš„æ–¹å‘ä¸$x$è½´
                                                  çš„æ­£æ–¹å‘æ‰€æˆçš„è§’$\...

You may provide a definition with
\DeclareUnicodeCharacter 


! Package inputenc Error: Unicode character çš„ (U+7684)
(inputenc)                not set up for use with LaTeX.

See the inputenc package documentation for explanation.
Type  H <return>  for immediate help.
 ...                                              
                                                  
l.5 ...¤æ—¶ï¼Œç›´çº¿$l$å‘ä¸Šçš„æ–¹å‘ä¸$x$è½´çš„
                                                  æ­£æ–¹å‘æ‰€æˆçš„è§’$\alp...

You may provide a definition with
\DeclareUnicodeCharacter 


! Package inputenc Error: Unicode character æ­£ (U+6B63)
(inputenc)                not set up for use with LaTeX.

See the inputenc package documentation for explanation.
Type  H <return>  for immediate help.
 ...                                              
                                                  
l.5 ...¶ï¼Œç›´çº¿$l$å‘ä¸Šçš„æ–¹å‘ä¸$x$è½´çš„æ­£
                                                  æ–¹å‘æ‰€æˆçš„è§’$\alpha ...

You may provide a definition with
\DeclareUnicodeCharacter 


! Package inputenc Error: Unicode character æ–¹ (U+65B9)
(inputenc)                not set up for use with LaTeX.

See the inputenc package documentation for explanation.
Type  H <return>  for immediate help.
 ...                                              
                                                  
l.5 ...Œç›´çº¿$l$å‘ä¸Šçš„æ–¹å‘ä¸$x$è½´çš„æ­£æ–¹
                                                  å‘æ‰€æˆçš„è§’$\alpha $å...

You may provide a definition with
\DeclareUnicodeCharacter 


! Package inputenc Error: Unicode character å‘ (U+5411)
(inputenc)                not set up for use with LaTeX.

See the inputenc package documentation for explanation.
Type  H <return>  for immediate help.
 ...                                              
                                                  
l.5 ...´çº¿$l$å‘ä¸Šçš„æ–¹å‘ä¸$x$è½´çš„æ­£æ–¹å‘
                                                  æ‰€æˆçš„è§’$\alpha $å«å...

You may provide a definition with
\DeclareUnicodeCharacter 


! Package inputenc Error: Unicode character æ‰€ (U+6240)
(inputenc)                not set up for use with LaTeX.

See the inputenc package documentation for explanation.
Type  H <return>  for immediate help.
 ...                                              
                                                  
l.5 ...¿$l$å‘ä¸Šçš„æ–¹å‘ä¸$x$è½´çš„æ­£æ–¹å‘æ‰€
                                                  æˆçš„è§’$\alpha $å«åšç›...

You may provide a definition with
\DeclareUnicodeCharacter 


! Package inputenc Error: Unicode character æˆ (U+6210)
(inputenc)                not set up for use with LaTeX.

See the inputenc package documentation for explanation.
Type  H <return>  for immediate help.
 ...                                              
                                                  
l.5 ...$å‘ä¸Šçš„æ–¹å‘ä¸$x$è½´çš„æ­£æ–¹å‘æ‰€æˆ
                                                  çš„è§’$\alpha $å«åšç›´çº...

You may provide a definition with
\DeclareUnicodeCharacter 


! Package inputenc Error: Unicode character çš„ (U+7684)
(inputenc)                not set up for use with LaTeX.

See the inputenc package documentation for explanation.
Type  H <return>  for immediate help.
 ...                                              
                                                  
l.5 ...‘ä¸Šçš„æ–¹å‘ä¸$x$è½´çš„æ­£æ–¹å‘æ‰€æˆçš„
                                                  è§’$\alpha $å«åšç›´çº¿$l...

You may provide a definition with
\DeclareUnicodeCharacter 


! Package inputenc Error: Unicode character è§’ (U+89D2)
(inputenc)                not set up for use with LaTeX.

See the inputenc package documentation for explanation.
Type  H <return>  for immediate help.
 ...                                              
                                                  
l.5 ...Šçš„æ–¹å‘ä¸$x$è½´çš„æ­£æ–¹å‘æ‰€æˆçš„è§’
                                                  $\alpha $å«åšç›´çº¿$l$çš...

You may provide a definition with
\DeclareUnicodeCharacter 


! Package inputenc Error: Unicode character å« (U+53EB)
(inputenc)                not set up for use with LaTeX.

See the inputenc package documentation for explanation.
Type  H <return>  for immediate help.
 ...                                              
                                                  
l.5 ...$x$è½´çš„æ­£æ–¹å‘æ‰€æˆçš„è§’$\alpha $å«
                                                  åšç›´çº¿$l$çš„\textbf{å€¾...

You may provide a definition with
\DeclareUnicodeCharacter 


! Package inputenc Error: Unicode character åš (U+505A)
(inputenc)                not set up for use with LaTeX.

See the inputenc package documentation for explanation.
Type  H <return>  for immediate help.
 ...                                              
                                                  
l.5 ...$è½´çš„æ­£æ–¹å‘æ‰€æˆçš„è§’$\alpha $å«åš
                                                  ç›´çº¿$l$çš„\textbf{å€¾æ–œ...

You may provide a definition with
\DeclareUnicodeCharacter 


! Package inputenc Error: Unicode character ç›´ (U+76F4)
(inputenc)                not set up for use with LaTeX.

See the inputenc package documentation for explanation.
Type  H <return>  for immediate help.
 ...                                              
                                                  
l.5 ...´çš„æ­£æ–¹å‘æ‰€æˆçš„è§’$\alpha $å«åšç›´
                                                  çº¿$l$çš„\textbf{å€¾æ–œè§’...

You may provide a definition with
\DeclareUnicodeCharacter 


! Package inputenc Error: Unicode character çº¿ (U+7EBF)
(inputenc)                not set up for use with LaTeX.

See the inputenc package documentation for explanation.
Type  H <return>  for immediate help.
 ...                                              
                                                  
l.5 ...„æ­£æ–¹å‘æ‰€æˆçš„è§’$\alpha $å«åšç›´çº¿
                                                  $l$çš„\textbf{å€¾æ–œè§’}.å...

You may provide a definition with
\DeclareUnicodeCharacter 


! Package inputenc Error: Unicode character çš„ (U+7684)
(inputenc)                not set up for use with LaTeX.

See the inputenc package documentation for explanation.
Type  H <return>  for immediate help.
 ...                                              
                                                  
l.5 ...¹å‘æ‰€æˆçš„è§’$\alpha $å«åšç›´çº¿$l$çš„
                                                  \textbf{å€¾æ–œè§’}.å€¾æ–œè...

You may provide a definition with
\DeclareUnicodeCharacter 


! Package inputenc Error: Unicode character å€¾ (U+503E)
(inputenc)                not set up for use with LaTeX.

See the inputenc package documentation for explanation.
Type  H <return>  for immediate help.
 ...                                              
                                                  
l.5 ...alpha $å«åšç›´çº¿$l$çš„\textbf{å€¾æ–œè§’}
                                                  .å€¾æ–œè§’$\alpha$çš„æ­£åˆ...

You may provide a definition with
\DeclareUnicodeCharacter 


! Package inputenc Error: Unicode character æ–œ (U+659C)
(inputenc)                not set up for use with LaTeX.

See the inputenc package documentation for explanation.
Type  H <return>  for immediate help.
 ...                                              
                                                  
l.5 ...alpha $å«åšç›´çº¿$l$çš„\textbf{å€¾æ–œè§’}
                                                  .å€¾æ–œè§’$\alpha$çš„æ­£åˆ...

You may provide a definition with
\DeclareUnicodeCharacter 


! Package inputenc Error: Unicode character è§’ (U+89D2)
(inputenc)                not set up for use with LaTeX.

See the inputenc package documentation for explanation.
Type  H <return>  for immediate help.
 ...                                              
                                                  
l.5 ...alpha $å«åšç›´çº¿$l$çš„\textbf{å€¾æ–œè§’}
                                                  .å€¾æ–œè§’$\alpha$çš„æ­£åˆ...

You may provide a definition with
\DeclareUnicodeCharacter 

Missing character: There is no . in font nullfont!

! Package inputenc Error: Unicode character å€¾ (U+503E)
(inputenc)                not set up for use with LaTeX.

See the inputenc package documentation for explanation.
Type  H <return>  for immediate help.
 ...                                              
                                                  
l.5 ...a $å«åšç›´çº¿$l$çš„\textbf{å€¾æ–œè§’}.å€¾
                                                  æ–œè§’$\alpha$çš„æ­£åˆ‡å€¼...

You may provide a definition with
\DeclareUnicodeCharacter 


! Package inputenc Error: Unicode character æ–œ (U+659C)
(inputenc)                not set up for use with LaTeX.

See the inputenc package documentation for explanation.
Type  H <return>  for immediate help.
 ...                                              
                                                  
l.5 ...å«åšç›´çº¿$l$çš„\textbf{å€¾æ–œè§’}.å€¾æ–œ
                                                  è§’$\alpha$çš„æ­£åˆ‡å€¼å«...

You may provide a definition with
\DeclareUnicodeCharacter 


! Package inputenc Error: Unicode character è§’ (U+89D2)
(inputenc)                not set up for use with LaTeX.

See the inputenc package documentation for explanation.
Type  H <return>  for immediate help.
 ...                                              
                                                  
l.5 ...åšç›´çº¿$l$çš„\textbf{å€¾æ–œè§’}.å€¾æ–œè§’
                                                  $\alpha$çš„æ­£åˆ‡å€¼å«åš...

You may provide a definition with
\DeclareUnicodeCharacter 


! Package inputenc Error: Unicode character çš„ (U+7684)
(inputenc)                not set up for use with LaTeX.

See the inputenc package documentation for explanation.
Type  H <return>  for immediate help.
 ...                                              
                                                  
l.5 ...$çš„\textbf{å€¾æ–œè§’}.å€¾æ–œè§’$\alpha$çš„
                                                  æ­£åˆ‡å€¼å«åšè¿™æ¡ç›´çº...

You may provide a definition with
\DeclareUnicodeCharacter 


! Package inputenc Error: Unicode character æ­£ (U+6B63)
(inputenc)                not set up for use with LaTeX.

See the inputenc package documentation for explanation.
Type  H <return>  for immediate help.
 ...                                              
                                                  
l.5 ...„\textbf{å€¾æ–œè§’}.å€¾æ–œè§’$\alpha$çš„æ­£
                                                  åˆ‡å€¼å«åšè¿™æ¡ç›´çº¿çš...

You may provide a definition with
\DeclareUnicodeCharacter 


! Package inputenc Error: Unicode character åˆ‡ (U+5207)
(inputenc)                not set up for use with LaTeX.

See the inputenc package documentation for explanation.
Type  H <return>  for immediate help.
 ...                                              
                                                  
l.5 ...extbf{å€¾æ–œè§’}.å€¾æ–œè§’$\alpha$çš„æ­£åˆ‡
                                                  å€¼å«åšè¿™æ¡ç›´çº¿çš„\t...

You may provide a definition with
\DeclareUnicodeCharacter 


! Package inputenc Error: Unicode character å€¼ (U+503C)
(inputenc)                not set up for use with LaTeX.

See the inputenc package documentation for explanation.
Type  H <return>  for immediate help.
 ...                                              
                                                  
l.5 ...bf{å€¾æ–œè§’}.å€¾æ–œè§’$\alpha$çš„æ­£åˆ‡å€¼
                                                  å«åšè¿™æ¡ç›´çº¿çš„\text...

You may provide a definition with
\DeclareUnicodeCharacter 


! Package inputenc Error: Unicode character å« (U+53EB)
(inputenc)                not set up for use with LaTeX.

See the inputenc package documentation for explanation.
Type  H <return>  for immediate help.
 ...                                              
                                                  
l.5 ...å€¾æ–œè§’}.å€¾æ–œè§’$\alpha$çš„æ­£åˆ‡å€¼å«
                                                  åšè¿™æ¡ç›´çº¿çš„\textbf{...

You may provide a definition with
\DeclareUnicodeCharacter 


! Package inputenc Error: Unicode character åš (U+505A)
(inputenc)                not set up for use with LaTeX.

See the inputenc package documentation for explanation.
Type  H <return>  for immediate help.
 ...                                              
                                                  
l.5 ...æ–œè§’}.å€¾æ–œè§’$\alpha$çš„æ­£åˆ‡å€¼å«åš
                                                  è¿™æ¡ç›´çº¿çš„\textbf{æ–œ...

You may provide a definition with
\DeclareUnicodeCharacter 


! Package inputenc Error: Unicode character è¿™ (U+8FD9)
(inputenc)                not set up for use with LaTeX.

See the inputenc package documentation for explanation.
Type  H <return>  for immediate help.
 ...                                              
                                                  
l.5 ...è§’}.å€¾æ–œè§’$\alpha$çš„æ­£åˆ‡å€¼å«åšè¿™
                                                  æ¡ç›´çº¿çš„\textbf{æ–œç‡...

You may provide a definition with
\DeclareUnicodeCharacter 


! Package inputenc Error: Unicode character æ¡ (U+6761)
(inputenc)                not set up for use with LaTeX.

See the inputenc package documentation for explanation.
Type  H <return>  for immediate help.
 ...                                              
                                                  
l.5 ...}.å€¾æ–œè§’$\alpha$çš„æ­£åˆ‡å€¼å«åšè¿™æ¡
                                                  ç›´çº¿çš„\textbf{æ–œç‡}.æ...

You may provide a definition with
\DeclareUnicodeCharacter 


! Package inputenc Error: Unicode character ç›´ (U+76F4)
(inputenc)                not set up for use with LaTeX.

See the inputenc package documentation for explanation.
Type  H <return>  for immediate help.
 ...                                              
                                                  
l.5 ...€¾æ–œè§’$\alpha$çš„æ­£åˆ‡å€¼å«åšè¿™æ¡ç›´
                                                  çº¿çš„\textbf{æ–œç‡}.æ–œç...

You may provide a definition with
\DeclareUnicodeCharacter 


! Package inputenc Error: Unicode character çº¿ (U+7EBF)
(inputenc)                not set up for use with LaTeX.

See the inputenc package documentation for explanation.
Type  H <return>  for immediate help.
 ...                                              
                                                  
l.5 ...–œè§’$\alpha$çš„æ­£åˆ‡å€¼å«åšè¿™æ¡ç›´çº¿
                                                  çš„\textbf{æ–œç‡}.æ–œç‡ç...

You may provide a definition with
\DeclareUnicodeCharacter 


! Package inputenc Error: Unicode character çš„ (U+7684)
(inputenc)                not set up for use with LaTeX.

See the inputenc package documentation for explanation.
Type  H <return>  for immediate help.
 ...                                              
                                                  
l.5 ...§’$\alpha$çš„æ­£åˆ‡å€¼å«åšè¿™æ¡ç›´çº¿çš„
                                                  \textbf{æ–œç‡}.æ–œç‡ç”¨$...

You may provide a definition with
\DeclareUnicodeCharacter 


! Package inputenc Error: Unicode character æ–œ (U+659C)
(inputenc)                not set up for use with LaTeX.

See the inputenc package documentation for explanation.
Type  H <return>  for immediate help.
 ...                                              
                                                  
l.5 ...£åˆ‡å€¼å«åšè¿™æ¡ç›´çº¿çš„\textbf{æ–œç‡}
                                                  .æ–œç‡ç”¨$k$è¡¨ç¤º.$\alph...

You may provide a definition with
\DeclareUnicodeCharacter 


! Package inputenc Error: Unicode character ç‡ (U+7387)
(inputenc)                not set up for use with LaTeX.

See the inputenc package documentation for explanation.
Type  H <return>  for immediate help.
 ...                                              
                                                  
l.5 ...£åˆ‡å€¼å«åšè¿™æ¡ç›´çº¿çš„\textbf{æ–œç‡}
                                                  .æ–œç‡ç”¨$k$è¡¨ç¤º.$\alph...

You may provide a definition with
\DeclareUnicodeCharacter 

Missing character: There is no . in font nullfont!

! Package inputenc Error: Unicode character æ–œ (U+659C)
(inputenc)                not set up for use with LaTeX.

See the inputenc package documentation for explanation.
Type  H <return>  for immediate help.
 ...                                              
                                                  
l.5 ...å€¼å«åšè¿™æ¡ç›´çº¿çš„\textbf{æ–œç‡}.æ–œ
                                                  ç‡ç”¨$k$è¡¨ç¤º.$\alpha=90...

You may provide a definition with
\DeclareUnicodeCharacter 


! Package inputenc Error: Unicode character ç‡ (U+7387)
(inputenc)                not set up for use with LaTeX.

See the inputenc package documentation for explanation.
Type  H <return>  for immediate help.
 ...                                              
                                                  
l.5 ...å«åšè¿™æ¡ç›´çº¿çš„\textbf{æ–œç‡}.æ–œç‡
                                                  ç”¨$k$è¡¨ç¤º.$\alpha=90^\c...

You may provide a definition with
\DeclareUnicodeCharacter 


! Package inputenc Error: Unicode character ç”¨ (U+7528)
(inputenc)                not set up for use with LaTeX.

See the inputenc package documentation for explanation.
Type  H <return>  for immediate help.
 ...                                              
                                                  
l.5 ...åšè¿™æ¡ç›´çº¿çš„\textbf{æ–œç‡}.æ–œç‡ç”¨
                                                  $k$è¡¨ç¤º.$\alpha=90^\circ...

You may provide a definition with
\DeclareUnicodeCharacter 


! Package inputenc Error: Unicode character è¡¨ (U+8868)
(inputenc)                not set up for use with LaTeX.

See the inputenc package documentation for explanation.
Type  H <return>  for immediate help.
 ...                                              
                                                  
l.5 ...æ¡ç›´çº¿çš„\textbf{æ–œç‡}.æ–œç‡ç”¨$k$è¡¨
                                                  ç¤º.$\alpha=90^\circ $æ—¶æ...

You may provide a definition with
\DeclareUnicodeCharacter 


! Package inputenc Error: Unicode character ç¤º (U+793A)
(inputenc)                not set up for use with LaTeX.

See the inputenc package documentation for explanation.
Type  H <return>  for immediate help.
 ...                                              
                                                  
l.5 ...ç›´çº¿çš„\textbf{æ–œç‡}.æ–œç‡ç”¨$k$è¡¨ç¤º
                                                  .$\alpha=90^\circ $æ—¶æ–œç...

You may provide a definition with
\DeclareUnicodeCharacter 

Missing character: There is no . in font nullfont!

! Package inputenc Error: Unicode character æ—¶ (U+65F6)
(inputenc)                not set up for use with LaTeX.

See the inputenc package documentation for explanation.
Type  H <return>  for immediate help.
 ...                                              
                                                  
l.5 ...‡}.æ–œç‡ç”¨$k$è¡¨ç¤º.$\alpha=90^\circ $æ—¶
                                                  æ–œç‡ä¸å­˜åœ¨.
You may provide a definition with
\DeclareUnicodeCharacter 


! Package inputenc Error: Unicode character æ–œ (U+659C)
(inputenc)                not set up for use with LaTeX.

See the inputenc package documentation for explanation.
Type  H <return>  for immediate help.
 ...                                              
                                                  
l.5 ...æ–œç‡ç”¨$k$è¡¨ç¤º.$\alpha=90^\circ $æ—¶æ–œ
                                                  ç‡ä¸å­˜åœ¨.
You may provide a definition with
\DeclareUnicodeCharacter 


! Package inputenc Error: Unicode character ç‡ (U+7387)
(inputenc)                not set up for use with LaTeX.

See the inputenc package documentation for explanation.
Type  H <return>  for immediate help.
 ...                                              
                                                  
l.5 ...ç‡ç”¨$k$è¡¨ç¤º.$\alpha=90^\circ $æ—¶æ–œç‡
                                                  ä¸å­˜åœ¨.
You may provide a definition with
\DeclareUnicodeCharacter 


! Package inputenc Error: Unicode character ä¸ (U+4E0D)
(inputenc)                not set up for use with LaTeX.

See the inputenc package documentation for explanation.
Type  H <return>  for immediate help.
 ...                                              
                                                  
l.5 ...ç”¨$k$è¡¨ç¤º.$\alpha=90^\circ $æ—¶æ–œç‡ä¸
                                                  å­˜åœ¨.
You may provide a definition with
\DeclareUnicodeCharacter 


! Package inputenc Error: Unicode character å­˜ (U+5B58)
(inputenc)                not set up for use with LaTeX.

See the inputenc package documentation for explanation.
Type  H <return>  for immediate help.
 ...                                              
                                                  
l.5 ...$k$è¡¨ç¤º.$\alpha=90^\circ $æ—¶æ–œç‡ä¸å­˜
                                                  åœ¨.
You may provide a definition with
\DeclareUnicodeCharacter 


! Package inputenc Error: Unicode character åœ¨ (U+5728)
(inputenc)                not set up for use with LaTeX.

See the inputenc package documentation for explanation.
Type  H <return>  for immediate help.
 ...                                              
                                                  
l.5 ...è¡¨ç¤º.$\alpha=90^\circ $æ—¶æ–œç‡ä¸å­˜åœ¨
                                                  .
You may provide a definition with
\DeclareUnicodeCharacter 

Missing character: There is no . in font nullfont!

Overfull \hbox (76.35072pt too wide) in paragraph at lines 5--6
[]$\OML/cmm/m/it/10 l$$x$$l$$x$$$$l$$$$k$$ \OT1/cmr/m/n/10 =
 []


Overfull \hbox (14.59726pt too wide) in paragraph at lines 5--6
\OT1/cmr/m/n/10 90[]$ 
 []


Overfull \hbox (111.31923pt too wide) detected at line 6
\OML/cmm/m/it/10 k \OT1/cmr/m/n/10 = [] \OML/cmm/m/it/10 \OT1/cmr/m/n/10 (\OML
/cmm/m/it/10 o[] \OMS/cmsy/m/n/10 ^^T \OML/cmm/m/it/10  < \OT1/cmr/m/n/10 180[
])
 []


! Package inputenc Error: Unicode character ç» (U+7ECF)
(inputenc)                not set up for use with LaTeX.

See the inputenc package documentation for explanation.
Type  H <return>  for immediate help.
 ...                                              
                                                  
l.7 	ç»
        è¿‡ä¸¤ç‚¹$P_1(x_1,y_1),P_2(x_2,y_2)(x_1\neq x_2)$çš„ç›´çº¿æ–œç‡çš„å...

You may provide a definition with
\DeclareUnicodeCharacter 


! Package inputenc Error: Unicode character è¿‡ (U+8FC7)
(inputenc)                not set up for use with LaTeX.

See the inputenc package documentation for explanation.
Type  H <return>  for immediate help.
 ...                                              
                                                  
l.7 	ç»è¿‡
           ä¸¤ç‚¹$P_1(x_1,y_1),P_2(x_2,y_2)(x_1\neq x_2)$çš„ç›´çº¿æ–œç‡çš„å...

You may provide a definition with
\DeclareUnicodeCharacter 


! Package inputenc Error: Unicode character ä¸¤ (U+4E24)
(inputenc)                not set up for use with LaTeX.

See the inputenc package documentation for explanation.
Type  H <return>  for immediate help.
 ...                                              
                                                  
l.7 	ç»è¿‡ä¸¤
              ç‚¹$P_1(x_1,y_1),P_2(x_2,y_2)(x_1\neq x_2)$çš„ç›´çº¿æ–œç‡çš„å...

You may provide a definition with
\DeclareUnicodeCharacter 


! Package inputenc Error: Unicode character ç‚¹ (U+70B9)
(inputenc)                not set up for use with LaTeX.

See the inputenc package documentation for explanation.
Type  H <return>  for immediate help.
 ...                                              
                                                  
l.7 	ç»è¿‡ä¸¤ç‚¹
                 $P_1(x_1,y_1),P_2(x_2,y_2)(x_1\neq x_2)$çš„ç›´çº¿æ–œç‡çš„å...

You may provide a definition with
\DeclareUnicodeCharacter 


! Package inputenc Error: Unicode character çš„ (U+7684)
(inputenc)                not set up for use with LaTeX.

See the inputenc package documentation for explanation.
Type  H <return>  for immediate help.
 ...                                              
                                                  
l.7 ...$P_1(x_1,y_1),P_2(x_2,y_2)(x_1\neq x_2)$çš„
                                                  ç›´çº¿æ–œç‡çš„å…¬å¼ä¸ºï¼š\\

You may provide a definition with
\DeclareUnicodeCharacter 


! Package inputenc Error: Unicode character ç›´ (U+76F4)
(inputenc)                not set up for use with LaTeX.

See the inputenc package documentation for explanation.
Type  H <return>  for immediate help.
 ...                                              
                                                  
l.7 ...1(x_1,y_1),P_2(x_2,y_2)(x_1\neq x_2)$çš„ç›´
                                                  çº¿æ–œç‡çš„å…¬å¼ä¸ºï¼š\\
You may provide a definition with
\DeclareUnicodeCharacter 


! Package inputenc Error: Unicode character çº¿ (U+7EBF)
(inputenc)                not set up for use with LaTeX.

See the inputenc package documentation for explanation.
Type  H <return>  for immediate help.
 ...                                              
                                                  
l.7 ..._1,y_1),P_2(x_2,y_2)(x_1\neq x_2)$çš„ç›´çº¿
                                                  æ–œç‡çš„å…¬å¼ä¸ºï¼š\\
You may provide a definition with
\DeclareUnicodeCharacter 


! Package inputenc Error: Unicode character æ–œ (U+659C)
(inputenc)                not set up for use with LaTeX.

See the inputenc package documentation for explanation.
Type  H <return>  for immediate help.
 ...                                              
                                                  
l.7 ...y_1),P_2(x_2,y_2)(x_1\neq x_2)$çš„ç›´çº¿æ–œ
                                                  ç‡çš„å…¬å¼ä¸ºï¼š\\
You may provide a definition with
\DeclareUnicodeCharacter 


! Package inputenc Error: Unicode character ç‡ (U+7387)
(inputenc)                not set up for use with LaTeX.

See the inputenc package documentation for explanation.
Type  H <return>  for immediate help.
 ...                                              
                                                  
l.7 ...),P_2(x_2,y_2)(x_1\neq x_2)$çš„ç›´çº¿æ–œç‡
                                                  çš„å…¬å¼ä¸ºï¼š\\
You may provide a definition with
\DeclareUnicodeCharacter 


! Package inputenc Error: Unicode character çš„ (U+7684)
(inputenc)                not set up for use with LaTeX.

See the inputenc package documentation for explanation.
Type  H <return>  for immediate help.
 ...                                              
                                                  
l.7 ..._2(x_2,y_2)(x_1\neq x_2)$çš„ç›´çº¿æ–œç‡çš„
                                                  å…¬å¼ä¸ºï¼š\\
You may provide a definition with
\DeclareUnicodeCharacter 


! Package inputenc Error: Unicode character å…¬ (U+516C)
(inputenc)                not set up for use with LaTeX.

See the inputenc package documentation for explanation.
Type  H <return>  for immediate help.
 ...                                              
                                                  
l.7 ...x_2,y_2)(x_1\neq x_2)$çš„ç›´çº¿æ–œç‡çš„å…¬
                                                  å¼ä¸ºï¼š\\
You may provide a definition with
\DeclareUnicodeCharacter 


! Package inputenc Error: Unicode character å¼ (U+5F0F)
(inputenc)                not set up for use with LaTeX.

See the inputenc package documentation for explanation.
Type  H <return>  for immediate help.
 ...                                              
                                                  
l.7 ...,y_2)(x_1\neq x_2)$çš„ç›´çº¿æ–œç‡çš„å…¬å¼
                                                  ä¸ºï¼š\\
You may provide a definition with
\DeclareUnicodeCharacter 


! Package inputenc Error: Unicode character ä¸º (U+4E3A)
(inputenc)                not set up for use with LaTeX.

See the inputenc package documentation for explanation.
Type  H <return>  for immediate help.
 ...                                              
                                                  
l.7 ...2)(x_1\neq x_2)$çš„ç›´çº¿æ–œç‡çš„å…¬å¼ä¸º
                                                  ï¼š\\
You may provide a definition with
\DeclareUnicodeCharacter 


! Package inputenc Error: Unicode character ï¼š (U+FF1A)
(inputenc)                not set up for use with LaTeX.

See the inputenc package documentation for explanation.
Type  H <return>  for immediate help.
 ...                                              
                                                  
l.7 ...x_1\neq x_2)$çš„ç›´çº¿æ–œç‡çš„å…¬å¼ä¸ºï¼š
                                                  \\
You may provide a definition with
\DeclareUnicodeCharacter 


Overfull \hbox (114.52788pt too wide) in paragraph at lines 6--8
$\OML/cmm/m/it/10 P[]\OT1/cmr/m/n/10 (\OML/cmm/m/it/10 x[]; y[]\OT1/cmr/m/n/10 
)\OML/cmm/m/it/10 ; P[]\OT1/cmr/m/n/10 (\OML/cmm/m/it/10 x[]; y[]\OT1/cmr/m/n/1
0 )(\OML/cmm/m/it/10 x[] \OMS/cmsy/m/n/10 6\OT1/cmr/m/n/10 =
 []


Overfull \hbox (14.0903pt too wide) in paragraph at lines 6--8
\OML/cmm/m/it/10 x[]\OT1/cmr/m/n/10 )$ 
 []

! Undefined control sequence.
l.8 	$$k=\dfrac
               {y_2-y_1}{x_2-x_1}$$
(That makes 100 errors; please try again.) 
Here is how much of TeX's memory you used:
 51 strings out of 492649
 433 string characters out of 6133383
 56791 words of memory out of 5000000
 4033 multiletter control sequences out of 15000+600000
 3948 words of font info for 15 fonts, out of 8000000 for 9000
 1141 hyphenation exceptions out of 8191
 18i,1n,12p,286b,107s stack positions out of 5000i,500n,10000p,200000b,80000s

!  ==> Fatal error occurred, no output PDF file produced!
